<?xml version="1.0" encoding="UTF-8" ?>
<testsuite errors="0" failures="0" hostname="rng-notebook" name="util.HibUtilTest" tests="1" time="3.417" timestamp="2009-02-26T14:46:20">
  <properties>
[...]
</properties>
  <testcase classname="util.HibUtilTest" name="testGetSession" time="3.339" />
  <system-out><![CDATA[getSession
]]></system-out>
  <system-err><![CDATA[26.02.2009 17:46:20 org.hibernate.cfg.annotations.Version <clinit>
INFO: Hibernate Annotations 3.3.1.GA
26.02.2009 17:46:20 org.hibernate.cfg.Environment <clinit>
INFO: Hibernate 3.2.5
26.02.2009 17:46:20 org.hibernate.cfg.Environment <clinit>
INFO: hibernate.properties not found
26.02.2009 17:46:20 org.hibernate.cfg.Environment buildBytecodeProvider
INFO: Bytecode provider name : cglib
26.02.2009 17:46:20 org.hibernate.cfg.Environment <clinit>
INFO: using JDK 1.4 java.sql.Timestamp handling
26.02.2009 17:46:20 org.hibernate.cfg.Configuration configure
INFO: configuring from resource: /hibernate.cfg.xml
26.02.2009 17:46:20 org.hibernate.cfg.Configuration getConfigurationInputStream
INFO: Configuration resource: /hibernate.cfg.xml
26.02.2009 17:46:20 org.hibernate.cfg.Configuration doConfigure
INFO: Configured SessionFactory: null
26.02.2009 17:46:20 org.hibernate.cfg.AnnotationBinder bindClass
INFO: Binding entity from annotated class: entity.Price
26.02.2009 17:46:20 org.hibernate.cfg.annotations.QueryBinder bindQuery
INFO: Binding Named query: Price.findAll => SELECT p FROM Price p
26.02.2009 17:46:20 org.hibernate.cfg.annotations.EntityBinder bindTable
INFO: Bind entity entity.Price on table price
26.02.2009 17:46:20 org.hibernate.cfg.AnnotationBinder bindClass
INFO: Binding entity from annotated class: entity.Product
26.02.2009 17:46:20 org.hibernate.cfg.annotations.QueryBinder bindQuery
INFO: Binding Named query: Product.findAll => SELECT p FROM Product p
26.02.2009 17:46:20 org.hibernate.cfg.annotations.EntityBinder bindTable
INFO: Bind entity entity.Product on table product
26.02.2009 17:46:20 org.hibernate.cfg.AnnotationBinder bindClass
INFO: Binding entity from annotated class: entity.Category
26.02.2009 17:46:20 org.hibernate.cfg.annotations.QueryBinder bindQuery
INFO: Binding Named query: Category.findAll => SELECT c FROM Category c
26.02.2009 17:46:20 org.hibernate.cfg.annotations.EntityBinder bindTable
INFO: Bind entity entity.Category on table category
26.02.2009 17:46:20 org.hibernate.cfg.AnnotationBinder bindClass
INFO: Binding entity from annotated class: entity.ProductAlias
26.02.2009 17:46:20 org.hibernate.cfg.annotations.QueryBinder bindQuery
INFO: Binding Named query: ProductAlias.findAll => SELECT p FROM ProductAlias p
26.02.2009 17:46:20 org.hibernate.cfg.annotations.EntityBinder bindTable
INFO: Bind entity entity.ProductAlias on table product_alias
26.02.2009 17:46:20 org.hibernate.cfg.annotations.CollectionBinder bindOneToManySecondPass
INFO: Mapping collection: entity.Product.priceCollection -> price
26.02.2009 17:46:20 org.hibernate.cfg.annotations.CollectionBinder bindOneToManySecondPass
INFO: Mapping collection: entity.Product.productAliasCollection -> product_alias
26.02.2009 17:46:20 org.hibernate.cfg.annotations.CollectionBinder bindOneToManySecondPass
INFO: Mapping collection: entity.Category.productCollection -> product
26.02.2009 17:46:20 org.hibernate.cfg.AnnotationConfiguration secondPassCompile
INFO: Hibernate Validator not found: ignoring
26.02.2009 17:46:20 org.hibernate.connection.DriverManagerConnectionProvider configure
INFO: Using Hibernate built-in connection pool (not for production use!)
26.02.2009 17:46:20 org.hibernate.connection.DriverManagerConnectionProvider configure
INFO: Hibernate connection pool size: 1
26.02.2009 17:46:20 org.hibernate.connection.DriverManagerConnectionProvider configure
INFO: autocommit mode: false
26.02.2009 17:46:20 org.hibernate.connection.DriverManagerConnectionProvider configure
INFO: using driver: org.postgresql.Driver at URL: jdbc:postgresql://localhost/tradertools
26.02.2009 17:46:20 org.hibernate.connection.DriverManagerConnectionProvider configure
INFO: connection properties: {user=postgres, password=****}
26.02.2009 17:46:22 org.hibernate.cfg.SettingsFactory buildSettings
WARNING: Could not obtain connection metadata
org.postgresql.util.PSQLException: Подсоединение отклонено. Проверьте что хост и порт указаны правильно и что postmaster принимает TCP/IP-подсоединения.
	at org.postgresql.core.v3.ConnectionFactoryImpl.openConnectionImpl(ConnectionFactoryImpl.java:123)
	at org.postgresql.core.ConnectionFactory.openConnection(ConnectionFactory.java:66)
	at org.postgresql.jdbc2.AbstractJdbc2Connection.<init>(AbstractJdbc2Connection.java:124)
	at org.postgresql.jdbc3.AbstractJdbc3Connection.<init>(AbstractJdbc3Connection.java:30)
	at org.postgresql.jdbc3.Jdbc3Connection.<init>(Jdbc3Connection.java:24)
	at org.postgresql.Driver.makeConnection(Driver.java:386)
	at org.postgresql.Driver.connect(Driver.java:260)
	at java.sql.DriverManager.getConnection(DriverManager.java:582)
	at java.sql.DriverManager.getConnection(DriverManager.java:154)
	at org.hibernate.connection.DriverManagerConnectionProvider.getConnection(DriverManagerConnectionProvider.java:110)
	at org.hibernate.cfg.SettingsFactory.buildSettings(SettingsFactory.java:84)
	at org.hibernate.cfg.Configuration.buildSettings(Configuration.java:2009)
	at org.hibernate.cfg.Configuration.buildSessionFactory(Configuration.java:1292)
	at org.hibernate.cfg.AnnotationConfiguration.buildSessionFactory(AnnotationConfiguration.java:859)
	at util.HibUtil.<clinit>(HibUtil.java:27)
	at util.HibUtilTest.testGetSession(HibUtilTest.java:52)
	at sun.reflect.NativeMethodAccessorImpl.invoke0(Native Method)
	at sun.reflect.NativeMethodAccessorImpl.invoke(NativeMethodAccessorImpl.java:39)
	at sun.reflect.DelegatingMethodAccessorImpl.invoke(DelegatingMethodAccessorImpl.java:25)
	at java.lang.reflect.Method.invoke(Method.java:597)
	at org.junit.runners.model.FrameworkMethod$1.runReflectiveCall(FrameworkMethod.java:44)
	at org.junit.internal.runners.model.ReflectiveCallable.run(ReflectiveCallable.java:15)
	at org.junit.runners.model.FrameworkMethod.invokeExplosively(FrameworkMethod.java:41)
	at org.junit.internal.runners.statements.InvokeMethod.evaluate(InvokeMethod.java:20)
	at org.junit.internal.runners.statements.RunBefores.evaluate(RunBefores.java:28)
	at org.junit.internal.runners.statements.RunAfters.evaluate(RunAfters.java:31)
	at org.junit.runners.BlockJUnit4ClassRunner.runChild(BlockJUnit4ClassRunner.java:73)
	at org.junit.runners.BlockJUnit4ClassRunner.runChild(BlockJUnit4ClassRunner.java:46)
	at org.junit.runners.ParentRunner.runChildren(ParentRunner.java:180)
	at org.junit.runners.ParentRunner.access$000(ParentRunner.java:41)
	at org.junit.runners.ParentRunner$1.evaluate(ParentRunner.java:173)
	at org.junit.internal.runners.statements.RunBefores.evaluate(RunBefores.java:28)
	at org.junit.internal.runners.statements.RunAfters.evaluate(RunAfters.java:31)
	at org.junit.runners.ParentRunner.run(ParentRunner.java:220)
	at org.apache.tools.ant.taskdefs.optional.junit.JUnit4TestMethodAdapter.run(JUnit4TestMethodAdapter.java:131)
	at org.apache.tools.ant.taskdefs.optional.junit.JUnitTestRunner.run(JUnitTestRunner.java:515)
	at org.apache.tools.ant.taskdefs.optional.junit.JUnitTestRunner.launch(JUnitTestRunner.java:1031)
	at org.apache.tools.ant.taskdefs.optional.junit.JUnitTestRunner.main(JUnitTestRunner.java:888)
Caused by: java.net.ConnectException: Connection refused: connect
	at java.net.PlainSocketImpl.socketConnect(Native Method)
	at java.net.PlainSocketImpl.doConnect(PlainSocketImpl.java:333)
	at java.net.PlainSocketImpl.connectToAddress(PlainSocketImpl.java:195)
	at java.net.PlainSocketImpl.connect(PlainSocketImpl.java:182)
	at java.net.SocksSocketImpl.connect(SocksSocketImpl.java:366)
	at java.net.Socket.connect(Socket.java:519)
	at java.net.Socket.connect(Socket.java:469)
	at java.net.Socket.<init>(Socket.java:366)
	at java.net.Socket.<init>(Socket.java:180)
	at org.postgresql.core.PGStream.<init>(PGStream.java:62)
	at org.postgresql.core.v3.ConnectionFactoryImpl.openConnectionImpl(ConnectionFactoryImpl.java:77)
	... 37 more
26.02.2009 17:46:22 org.hibernate.dialect.Dialect <init>
INFO: Using dialect: org.hibernate.dialect.PostgreSQLDialect
26.02.2009 17:46:22 org.hibernate.transaction.TransactionFactoryFactory buildTransactionFactory
INFO: Using default transaction strategy (direct JDBC transactions)
26.02.2009 17:46:22 org.hibernate.transaction.TransactionManagerLookupFactory getTransactionManagerLookup
INFO: No TransactionManagerLookup configured (in JTA environment, use of read-write or transactional second-level cache is not recommended)
26.02.2009 17:46:22 org.hibernate.cfg.SettingsFactory buildSettings
INFO: Automatic flush during beforeCompletion(): disabled
26.02.2009 17:46:22 org.hibernate.cfg.SettingsFactory buildSettings
INFO: Automatic session close at end of transaction: disabled
26.02.2009 17:46:22 org.hibernate.cfg.SettingsFactory buildSettings
INFO: Scrollable result sets: disabled
26.02.2009 17:46:22 org.hibernate.cfg.SettingsFactory buildSettings
INFO: JDBC3 getGeneratedKeys(): disabled
26.02.2009 17:46:22 org.hibernate.cfg.SettingsFactory buildSettings
INFO: Connection release mode: auto
26.02.2009 17:46:22 org.hibernate.cfg.SettingsFactory buildSettings
INFO: Default batch fetch size: 1
26.02.2009 17:46:22 org.hibernate.cfg.SettingsFactory buildSettings
INFO: Generate SQL with comments: disabled
26.02.2009 17:46:22 org.hibernate.cfg.SettingsFactory buildSettings
INFO: Order SQL updates by primary key: disabled
26.02.2009 17:46:22 org.hibernate.cfg.SettingsFactory buildSettings
INFO: Order SQL inserts for batching: disabled
26.02.2009 17:46:22 org.hibernate.cfg.SettingsFactory createQueryTranslatorFactory
INFO: Query translator: org.hibernate.hql.ast.ASTQueryTranslatorFactory
26.02.2009 17:46:22 org.hibernate.hql.ast.ASTQueryTranslatorFactory <init>
INFO: Using ASTQueryTranslatorFactory
26.02.2009 17:46:22 org.hibernate.cfg.SettingsFactory buildSettings
INFO: Query language substitutions: {}
26.02.2009 17:46:22 org.hibernate.cfg.SettingsFactory buildSettings
INFO: JPA-QL strict compliance: disabled
26.02.2009 17:46:22 org.hibernate.cfg.SettingsFactory buildSettings
INFO: Second-level cache: enabled
26.02.2009 17:46:22 org.hibernate.cfg.SettingsFactory buildSettings
INFO: Query cache: disabled
26.02.2009 17:46:22 org.hibernate.cfg.SettingsFactory createCacheProvider
INFO: Cache provider: org.hibernate.cache.NoCacheProvider
26.02.2009 17:46:22 org.hibernate.cfg.SettingsFactory buildSettings
INFO: Optimize cache for minimal puts: disabled
26.02.2009 17:46:22 org.hibernate.cfg.SettingsFactory buildSettings
INFO: Structured second-level cache entries: disabled
26.02.2009 17:46:22 org.hibernate.cfg.SettingsFactory buildSettings
INFO: Echoing all SQL to stdout
26.02.2009 17:46:22 org.hibernate.cfg.SettingsFactory buildSettings
INFO: Statistics: disabled
26.02.2009 17:46:22 org.hibernate.cfg.SettingsFactory buildSettings
INFO: Deleted entity synthetic identifier rollback: disabled
26.02.2009 17:46:22 org.hibernate.cfg.SettingsFactory buildSettings
INFO: Default entity-mode: pojo
26.02.2009 17:46:22 org.hibernate.cfg.SettingsFactory buildSettings
INFO: Named query checking : enabled
26.02.2009 17:46:22 org.hibernate.impl.SessionFactoryImpl <init>
INFO: building session factory
26.02.2009 17:46:22 org.hibernate.impl.SessionFactoryObjectFactory addInstance
INFO: Not binding factory to JNDI, no JNDI name configured
26.02.2009 17:46:22 org.hibernate.tool.hbm2ddl.SchemaUpdate execute
INFO: Running hbm2ddl schema update
26.02.2009 17:46:22 org.hibernate.tool.hbm2ddl.SchemaUpdate execute
INFO: fetching database metadata
26.02.2009 17:46:23 org.hibernate.tool.hbm2ddl.SchemaUpdate execute
SEVERE: could not get database metadata
org.postgresql.util.PSQLException: Подсоединение отклонено. Проверьте что хост и порт указаны правильно и что postmaster принимает TCP/IP-подсоединения.
	at org.postgresql.core.v3.ConnectionFactoryImpl.openConnectionImpl(ConnectionFactoryImpl.java:123)
	at org.postgresql.core.ConnectionFactory.openConnection(ConnectionFactory.java:66)
	at org.postgresql.jdbc2.AbstractJdbc2Connection.<init>(AbstractJdbc2Connection.java:124)
	at org.postgresql.jdbc3.AbstractJdbc3Connection.<init>(AbstractJdbc3Connection.java:30)
	at org.postgresql.jdbc3.Jdbc3Connection.<init>(Jdbc3Connection.java:24)
	at org.postgresql.Driver.makeConnection(Driver.java:386)
	at org.postgresql.Driver.connect(Driver.java:260)
	at java.sql.DriverManager.getConnection(DriverManager.java:582)
	at java.sql.DriverManager.getConnection(DriverManager.java:154)
	at org.hibernate.connection.DriverManagerConnectionProvider.getConnection(DriverManagerConnectionProvider.java:110)
	at org.hibernate.tool.hbm2ddl.SuppliedConnectionProviderConnectionHelper.prepare(SuppliedConnectionProviderConnectionHelper.java:27)
	at org.hibernate.tool.hbm2ddl.SchemaUpdate.execute(SchemaUpdate.java:127)
	at org.hibernate.impl.SessionFactoryImpl.<init>(SessionFactoryImpl.java:314)
	at org.hibernate.cfg.Configuration.buildSessionFactory(Configuration.java:1294)
	at org.hibernate.cfg.AnnotationConfiguration.buildSessionFactory(AnnotationConfiguration.java:859)
	at util.HibUtil.<clinit>(HibUtil.java:27)
	at util.HibUtilTest.testGetSession(HibUtilTest.java:52)
	at sun.reflect.NativeMethodAccessorImpl.invoke0(Native Method)
	at sun.reflect.NativeMethodAccessorImpl.invoke(NativeMethodAccessorImpl.java:39)
	at sun.reflect.DelegatingMethodAccessorImpl.invoke(DelegatingMethodAccessorImpl.java:25)
	at java.lang.reflect.Method.invoke(Method.java:597)
	at org.junit.runners.model.FrameworkMethod$1.runReflectiveCall(FrameworkMethod.java:44)
	at org.junit.internal.runners.model.ReflectiveCallable.run(ReflectiveCallable.java:15)
	at org.junit.runners.model.FrameworkMethod.invokeExplosively(FrameworkMethod.java:41)
	at org.junit.internal.runners.statements.InvokeMethod.evaluate(InvokeMethod.java:20)
	at org.junit.internal.runners.statements.RunBefores.evaluate(RunBefores.java:28)
	at org.junit.internal.runners.statements.RunAfters.evaluate(RunAfters.java:31)
	at org.junit.runners.BlockJUnit4ClassRunner.runChild(BlockJUnit4ClassRunner.java:73)
	at org.junit.runners.BlockJUnit4ClassRunner.runChild(BlockJUnit4ClassRunner.java:46)
	at org.junit.runners.ParentRunner.runChildren(ParentRunner.java:180)
	at org.junit.runners.ParentRunner.access$000(ParentRunner.java:41)
	at org.junit.runners.ParentRunner$1.evaluate(ParentRunner.java:173)
	at org.junit.internal.runners.statements.RunBefores.evaluate(RunBefores.java:28)
	at org.junit.internal.runners.statements.RunAfters.evaluate(RunAfters.java:31)
	at org.junit.runners.ParentRunner.run(ParentRunner.java:220)
	at org.apache.tools.ant.taskdefs.optional.junit.JUnit4TestMethodAdapter.run(JUnit4TestMethodAdapter.java:131)
	at org.apache.tools.ant.taskdefs.optional.junit.JUnitTestRunner.run(JUnitTestRunner.java:515)
	at org.apache.tools.ant.taskdefs.optional.junit.JUnitTestRunner.launch(JUnitTestRunner.java:1031)
	at org.apache.tools.ant.taskdefs.optional.junit.JUnitTestRunner.main(JUnitTestRunner.java:888)
Caused by: java.net.ConnectException: Connection refused: connect
	at java.net.PlainSocketImpl.socketConnect(Native Method)
	at java.net.PlainSocketImpl.doConnect(PlainSocketImpl.java:333)
	at java.net.PlainSocketImpl.connectToAddress(PlainSocketImpl.java:195)
	at java.net.PlainSocketImpl.connect(PlainSocketImpl.java:182)
	at java.net.SocksSocketImpl.connect(SocksSocketImpl.java:366)
	at java.net.Socket.connect(Socket.java:519)
	at java.net.Socket.connect(Socket.java:469)
	at java.net.Socket.<init>(Socket.java:366)
	at java.net.Socket.<init>(Socket.java:180)
	at org.postgresql.core.PGStream.<init>(PGStream.java:62)
	at org.postgresql.core.v3.ConnectionFactoryImpl.openConnectionImpl(ConnectionFactoryImpl.java:77)
	... 38 more
26.02.2009 17:46:23 org.hibernate.tool.hbm2ddl.SchemaUpdate execute
SEVERE: could not complete schema update
org.postgresql.util.PSQLException: Подсоединение отклонено. Проверьте что хост и порт указаны правильно и что postmaster принимает TCP/IP-подсоединения.
	at org.postgresql.core.v3.ConnectionFactoryImpl.openConnectionImpl(ConnectionFactoryImpl.java:123)
	at org.postgresql.core.ConnectionFactory.openConnection(ConnectionFactory.java:66)
	at org.postgresql.jdbc2.AbstractJdbc2Connection.<init>(AbstractJdbc2Connection.java:124)
	at org.postgresql.jdbc3.AbstractJdbc3Connection.<init>(AbstractJdbc3Connection.java:30)
	at org.postgresql.jdbc3.Jdbc3Connection.<init>(Jdbc3Connection.java:24)
	at org.postgresql.Driver.makeConnection(Driver.java:386)
	at org.postgresql.Driver.connect(Driver.java:260)
	at java.sql.DriverManager.getConnection(DriverManager.java:582)
	at java.sql.DriverManager.getConnection(DriverManager.java:154)
	at org.hibernate.connection.DriverManagerConnectionProvider.getConnection(DriverManagerConnectionProvider.java:110)
	at org.hibernate.tool.hbm2ddl.SuppliedConnectionProviderConnectionHelper.prepare(SuppliedConnectionProviderConnectionHelper.java:27)
	at org.hibernate.tool.hbm2ddl.SchemaUpdate.execute(SchemaUpdate.java:127)
	at org.hibernate.impl.SessionFactoryImpl.<init>(SessionFactoryImpl.java:314)
	at org.hibernate.cfg.Configuration.buildSessionFactory(Configuration.java:1294)
	at org.hibernate.cfg.AnnotationConfiguration.buildSessionFactory(AnnotationConfiguration.java:859)
	at util.HibUtil.<clinit>(HibUtil.java:27)
	at util.HibUtilTest.testGetSession(HibUtilTest.java:52)
	at sun.reflect.NativeMethodAccessorImpl.invoke0(Native Method)
	at sun.reflect.NativeMethodAccessorImpl.invoke(NativeMethodAccessorImpl.java:39)
	at sun.reflect.DelegatingMethodAccessorImpl.invoke(DelegatingMethodAccessorImpl.java:25)
	at java.lang.reflect.Method.invoke(Method.java:597)
	at org.junit.runners.model.FrameworkMethod$1.runReflectiveCall(FrameworkMethod.java:44)
	at org.junit.internal.runners.model.ReflectiveCallable.run(ReflectiveCallable.java:15)
	at org.junit.runners.model.FrameworkMethod.invokeExplosively(FrameworkMethod.java:41)
	at org.junit.internal.runners.statements.InvokeMethod.evaluate(InvokeMethod.java:20)
	at org.junit.internal.runners.statements.RunBefores.evaluate(RunBefores.java:28)
	at org.junit.internal.runners.statements.RunAfters.evaluate(RunAfters.java:31)
	at org.junit.runners.BlockJUnit4ClassRunner.runChild(BlockJUnit4ClassRunner.java:73)
	at org.junit.runners.BlockJUnit4ClassRunner.runChild(BlockJUnit4ClassRunner.java:46)
	at org.junit.runners.ParentRunner.runChildren(ParentRunner.java:180)
	at org.junit.runners.ParentRunner.access$000(ParentRunner.java:41)
	at org.junit.runners.ParentRunner$1.evaluate(ParentRunner.java:173)
	at org.junit.internal.runners.statements.RunBefores.evaluate(RunBefores.java:28)
	at org.junit.internal.runners.statements.RunAfters.evaluate(RunAfters.java:31)
	at org.junit.runners.ParentRunner.run(ParentRunner.java:220)
	at org.apache.tools.ant.taskdefs.optional.junit.JUnit4TestMethodAdapter.run(JUnit4TestMethodAdapter.java:131)
	at org.apache.tools.ant.taskdefs.optional.junit.JUnitTestRunner.run(JUnitTestRunner.java:515)
	at org.apache.tools.ant.taskdefs.optional.junit.JUnitTestRunner.launch(JUnitTestRunner.java:1031)
	at org.apache.tools.ant.taskdefs.optional.junit.JUnitTestRunner.main(JUnitTestRunner.java:888)
Caused by: java.net.ConnectException: Connection refused: connect
	at java.net.PlainSocketImpl.socketConnect(Native Method)
	at java.net.PlainSocketImpl.doConnect(PlainSocketImpl.java:333)
	at java.net.PlainSocketImpl.connectToAddress(PlainSocketImpl.java:195)
	at java.net.PlainSocketImpl.connect(PlainSocketImpl.java:182)
	at java.net.SocksSocketImpl.connect(SocksSocketImpl.java:366)
	at java.net.Socket.connect(Socket.java:519)
	at java.net.Socket.connect(Socket.java:469)
	at java.net.Socket.<init>(Socket.java:366)
	at java.net.Socket.<init>(Socket.java:180)
	at org.postgresql.core.PGStream.<init>(PGStream.java:62)
	at org.postgresql.core.v3.ConnectionFactoryImpl.openConnectionImpl(ConnectionFactoryImpl.java:77)
	... 38 more
]]></system-err>
</testsuite>
